Determining if the pthread_create exist failed with the following output:
Change Dir: /root/CLionProjects/ThreadTest/cmake-build-debug/CMakeFiles/CMakeTmp

Run Build Command:"/usr/bin/make" "cmTC_b3f45/fast"
/usr/bin/make -f CMakeFiles/cmTC_b3f45.dir/build.make CMakeFiles/cmTC_b3f45.dir/build
make[1] : on entre dans le répertoire « /home/moonnz/CLionProjects/ThreadTest/cmake-build-debug/CMakeFiles/CMakeTmp »
Building C object CMakeFiles/cmTC_b3f45.dir/CheckSymbolExists.c.o
/usr/bin/cc    -o CMakeFiles/cmTC_b3f45.dir/CheckSymbolExists.c.o   -c /root/CLionProjects/ThreadTest/cmake-build-debug/CMakeFiles/CMakeTmp/CheckSymbolExists.c
Linking C executable cmTC_b3f45
/home/moonnz/Téléchargements/clion-2018.1.6/bin/cmake/bin/cmake -E cmake_link_script CMakeFiles/cmTC_b3f45.dir/link.txt --verbose=1
/usr/bin/cc      CMakeFiles/cmTC_b3f45.dir/CheckSymbolExists.c.o  -o cmTC_b3f45 
CMakeFiles/cmTC_b3f45.dir/CheckSymbolExists.c.o : Dans la fonction « main » :
CheckSymbolExists.c:(.text+0x1b) : référence indéfinie vers « pthread_create »
collect2: error: ld returned 1 exit status
CMakeFiles/cmTC_b3f45.dir/build.make:97: recipe for target 'cmTC_b3f45' failed
make[1]: *** [cmTC_b3f45] Error 1
make[1] : on quitte le répertoire « /home/moonnz/CLionProjects/ThreadTest/cmake-build-debug/CMakeFiles/CMakeTmp »
Makefile:126: recipe for target 'cmTC_b3f45/fast' failed
make: *** [cmTC_b3f45/fast] Error 2

File /root/CLionProjects/ThreadTest/cmake-build-debug/CMakeFiles/CMakeTmp/CheckSymbolExists.c:
/* */
#include <pthread.h>

int main(int argc, char** argv)
{
  (void)argv;
#ifndef pthread_create
  return ((int*)(&pthread_create))[argc];
#else
  (void)argc;
  return 0;
#endif
}

Determining if the function pthread_create exists in the pthreads failed with the following output:
Change Dir: /root/CLionProjects/ThreadTest/cmake-build-debug/CMakeFiles/CMakeTmp

Run Build Command:"/usr/bin/make" "cmTC_ef8e7/fast"
/usr/bin/make -f CMakeFiles/cmTC_ef8e7.dir/build.make CMakeFiles/cmTC_ef8e7.dir/build
make[1] : on entre dans le répertoire « /home/moonnz/CLionProjects/ThreadTest/cmake-build-debug/CMakeFiles/CMakeTmp »
Building C object CMakeFiles/cmTC_ef8e7.dir/CheckFunctionExists.c.o
/usr/bin/cc   -DCHECK_FUNCTION_EXISTS=pthread_create   -o CMakeFiles/cmTC_ef8e7.dir/CheckFunctionExists.c.o   -c /home/moonnz/Téléchargements/clion-2018.1.6/bin/cmake/share/cmake-3.10/Modules/CheckFunctionExists.c
Linking C executable cmTC_ef8e7
/home/moonnz/Téléchargements/clion-2018.1.6/bin/cmake/bin/cmake -E cmake_link_script CMakeFiles/cmTC_ef8e7.dir/link.txt --verbose=1
/usr/bin/cc  -DCHECK_FUNCTION_EXISTS=pthread_create    CMakeFiles/cmTC_ef8e7.dir/CheckFunctionExists.c.o  -o cmTC_ef8e7 -lpthreads 
/usr/bin/x86_64-linux-gnu-ld : ne peut trouver -lpthreads
collect2: error: ld returned 1 exit status
CMakeFiles/cmTC_ef8e7.dir/build.make:97: recipe for target 'cmTC_ef8e7' failed
make[1]: *** [cmTC_ef8e7] Error 1
make[1] : on quitte le répertoire « /home/moonnz/CLionProjects/ThreadTest/cmake-build-debug/CMakeFiles/CMakeTmp »
Makefile:126: recipe for target 'cmTC_ef8e7/fast' failed
make: *** [cmTC_ef8e7/fast] Error 2


